<?xml version="1.0" encoding="UTF-8"?>
<!-- Generated by org.testng.reporters.JUnitReportReporter -->
<testsuite skipped="0" hostname="Haidarali" name="testNG.BasicClass$Subclass" tests="1" failures="0" timestamp="2022-03-25T12:12:26 IST" time="0.015" errors="0">
  <testcase name="method11" time="0.015" classname="testNG.BasicClass$Subclass"/>
  <system-out/>
</testsuite> <!-- testNG.BasicClass$Subclass -->
