<?xml version="1.0" encoding="UTF-8"?>
<!-- Generated by org.testng.reporters.JUnitReportReporter -->
<testsuite skipped="0" hostname="Haidarali" name="testNG.BasicClass" tests="1" failures="0" timestamp="2022-03-25T12:17:06 IST" time="0.030" errors="0">
  <testcase name="Method10" time="0.030" classname="testNG.BasicClass"/>
  <system-out/>
</testsuite> <!-- testNG.BasicClass -->
